\BOOKMARK [0][-]{chapter.1}{\376\377\000M\000a\000t\000h\000\351\000m\000a\000t\000i\000q\000u\000e\000s\000\040\000d\000e\000\040\000l\000a\000\040\000m\000\351\000c\000a\000n\000i\000q\000u\000e\000\040\000q\000u\000a\000n\000t\000i\000q\000u\000e}{}% 1
\BOOKMARK [1][-]{section.1.1}{\376\377\000R\000a\000p\000p\000e\000l\000s\000\040\000s\000u\000r\000\040\000l\000e\000s\000\040\000e\000s\000p\000a\000c\000e\000s\000\040\000d\000e\000\040\000H\000i\000l\000b\000e\000r\000t\000\040\000e\000t\000\040\000l\000e\000s\000\040\000o\000p\000\351\000r\000a\000t\000e\000u\000r\000s}{chapter.1}% 2
\BOOKMARK [1][-]{section.1.2}{\376\377\000I\000n\000t\000r\000o\000d\000u\000c\000t\000i\000o\000n\000\040\000e\000t\000\040\000p\000o\000s\000t\000u\000l\000a\000t\000s}{chapter.1}% 3
\BOOKMARK [2][-]{subsection.1.2.1}{\376\377\000P\000o\000s\000t\000u\000l\000a\000t\000s}{section.1.2}% 4
\BOOKMARK [2][-]{subsection.1.2.2}{\376\377\000I\000n\000t\000e\000r\000p\000r\000\351\000t\000a\000t\000i\000o\000n\000\040\000p\000r\000o\000b\000a\000b\000i\000l\000i\000s\000t\000e}{section.1.2}% 5
\BOOKMARK [1][-]{section.1.3}{\376\377\000T\000r\000a\000n\000s\000f\000o\000r\000m\000\351\000e\000\040\000d\000e\000\040\000F\000o\000u\000r\000i\000e\000r}{chapter.1}% 6
\BOOKMARK [2][-]{subsection.1.3.1}{\376\377\000N\000o\000t\000a\000t\000i\000o\000n\000s\000\040\000m\000u\000l\000t\000i\000-\000i\000n\000d\000i\000c\000e\000s}{section.1.3}% 7
\BOOKMARK [2][-]{subsection.1.3.2}{\376\377\000\311\000t\000u\000d\000e\000\040\000d\000e\000\040\000l\000a\000\040\000t\000r\000a\000n\000s\000f\000o\000r\000m\000\351\000e\000\040\000d\000e\000\040\000F\000o\000u\000r\000i\000e\000r}{section.1.3}% 8
\BOOKMARK [2][-]{subsection.1.3.3}{\376\377\000\311\000t\000u\000d\000e\000\040\000d\000e\000\040\000l\000a\000\040\000p\000o\000s\000i\000t\000i\000o\000n\000\040\000e\000t\000\040\000d\000e\000\040\000l\000'\000i\000m\000p\000u\000l\000s\000i\000o\000n\000\040\000e\000t\000\040\000p\000r\000i\000n\000c\000i\000p\000e\000\040\000d\000'\000i\000n\000c\000e\000r\000t\000i\000t\000u\000d\000e\000\040\000d\000e\000\040\000H\000e\000i\000s\000e\000n\000b\000e\000r\000g}{section.1.3}% 9
\BOOKMARK [2][-]{subsection.1.3.4}{\376\377\000I\000n\000t\000r\000o\000d\000u\000c\000t\000i\000o\000n\000\040\000d\000e\000s\000\040\000o\000p\000\351\000r\000a\000t\000e\000u\000r\000s\000\040\000p\000o\000s\000i\000t\000i\000o\000n\000\040\000e\000t\000\040\000i\000m\000p\000u\000l\000s\000i\000o\000n}{section.1.3}% 10
\BOOKMARK [2][-]{subsection.1.3.5}{\376\377\000R\000e\000l\000a\000t\000i\000o\000n\000\040\000d\000e\000\040\000c\000o\000m\000m\000u\000t\000a\000t\000i\000o\000n\000\040\000c\000a\000n\000o\000n\000i\000q\000u\000e}{section.1.3}% 11
\BOOKMARK [1][-]{section.1.4}{\376\377\000O\000p\000\351\000r\000a\000t\000e\000u\000r\000s\000\040\000p\000s\000e\000u\000d\000o\000-\000d\000i\000f\000f\000\351\000r\000e\000n\000t\000i\000e\000l\000s}{chapter.1}% 12
\BOOKMARK [0][-]{chapter.2}{\376\377\000L\000a\000\040\000t\000r\000a\000n\000s\000f\000o\000r\000m\000\351\000e\000\040\000d\000e\000\040\000W\000e\000y\000l}{}% 13
\BOOKMARK [1][-]{section.2.1}{\376\377\000L\000a\000\040\000t\000r\000a\000n\000s\000f\000o\000r\000m\000\351\000e\000\040\000d\000e\000\040\000F\000o\000u\000r\000i\000e\000r\000-\000W\000i\000g\000n\000e\000r}{chapter.2}% 14
\BOOKMARK [2][-]{subsection.2.1.1}{\376\377\000T\000h\000\351\000o\000r\000\350\000m\000e\000\040\000d\000e\000\040\000S\000t\000o\000n\000e\000\040\000e\000t\000\040\000g\000r\000o\000u\000p\000e\000\040\000\340\000\040\0001\000-\000p\000a\000r\000a\000m\000\350\000t\000r\000e}{section.2.1}% 15
\BOOKMARK [2][-]{subsection.2.1.2}{\376\377\000G\000r\000o\000u\000p\000e\000\040\000d\000e\000\040\000H\000e\000i\000s\000e\000n\000b\000e\000r\000g\000\040\000e\000t\000\040\000r\000e\000p\000r\000\351\000s\000e\000n\000t\000a\000t\000i\000o\000n\000\040}{section.2.1}% 16
\BOOKMARK [2][-]{subsection.2.1.3}{\376\377\000L\000a\000\040\000t\000r\000a\000n\000s\000f\000o\000r\000m\000\351\000e\000\040\000d\000e\000\040\000F\000o\000u\000r\000i\000e\000r\000-\000W\000i\000g\000n\000e\000r}{section.2.1}% 17
\BOOKMARK [1][-]{section.2.2}{\376\377\000L\000a\000\040\000t\000r\000a\000n\000s\000f\000o\000r\000m\000\351\000e\000\040\000d\000e\000\040\000W\000i\000g\000n\000e\000r}{chapter.2}% 18
\BOOKMARK [1][-]{section.2.3}{\376\377\000L\000a\000\040\000t\000r\000a\000n\000s\000f\000o\000r\000m\000\351\000e\000\040\000d\000e\000\040\000W\000e\000y\000l}{chapter.2}% 19
\BOOKMARK [2][-]{subsection.2.3.1}{\376\377\000L\000a\000\040\000t\000r\000a\000n\000s\000f\000o\000r\000m\000\351\000e\000\040\000d\000e\000\040\000W\000e\000y\000l\000\040\000e\000t\000\040\000q\000u\000e\000l\000q\000u\000e\000s\000\040\000e\000x\000e\000m\000p\000l\000e\000s\000\040\000d\000e\000\040\000c\000o\000r\000r\000e\000s\000p\000o\000n\000d\000a\000n\000c\000e}{section.2.3}% 20
\BOOKMARK [2][-]{subsection.2.3.2}{\376\377\000O\000p\000\351\000r\000a\000t\000e\000u\000r\000s\000\040\000d\000e\000\040\000H\000i\000l\000b\000e\000r\000t\000-\000S\000c\000h\000m\000i\000d\000t\000\040\000s\000u\000r\000\040\000L\0002\000\050\000R\000n\000\051}{section.2.3}% 21
\BOOKMARK [2][-]{subsection.2.3.3}{\376\377\000P\000r\000o\000d\000u\000i\000t\000\040\000t\000e\000n\000s\000o\000r\000i\000e\000l\000\040\000s\000u\000r\000\040\000L\0002\000\050\000R\000n\000\051}{section.2.3}% 22
\BOOKMARK [2][-]{subsection.2.3.4}{\376\377\000H\000*\000-\000a\000l\000g\000\350\000b\000r\000e\000\040\000e\000t\000\040\000c\000a\000l\000c\000u\000l\000\040\000d\000e\000\040\000W\000e\000y\000l}{section.2.3}% 23
